[2m2025-06-09T09:21:13.702Z[0m [32m INFO[0m [2mcrates/apollo_infra/src/trace_util.rs[0m[2m:[0m[2m51[0m[2m:[0m Tracing has been successfully initialized.
[2m2025-06-09T09:21:13.705Z[0m [32m INFO[0m [2mcrates/apollo_integration_tests/src/sequencer_simulator_utils.rs[0m[2m:[0m[2m95[0m[2m:[0m Parsing URL: http://sequencer_node 8082
[2m2025-06-09T09:21:13.706Z[0m [32m INFO[0m [2mcrates/apollo_integration_tests/src/sequencer_simulator_utils.rs[0m[2m:[0m[2m97[0m[2m:[0m Parsed url: http://sequencer_node/
[2m2025-06-09T09:21:13.706Z[0m [32m INFO[0m [2mcrates/apollo_integration_tests/src/sequencer_simulator_utils.rs[0m[2m:[0m[2m99[0m[2m:[0m Host: sequencer_node
[2m2025-06-09T09:21:13.706Z[0m [32m INFO[0m [2mcrates/apollo_integration_tests/src/sequencer_simulator_utils.rs[0m[2m:[0m[2m95[0m[2m:[0m Parsing URL: http://sequencer_node 8081
[2m2025-06-09T09:21:13.706Z[0m [32m INFO[0m [2mcrates/apollo_integration_tests/src/sequencer_simulator_utils.rs[0m[2m:[0m[2m97[0m[2m:[0m Parsed url: http://sequencer_node/
[2m2025-06-09T09:21:13.706Z[0m [32m INFO[0m [2mcrates/apollo_integration_tests/src/sequencer_simulator_utils.rs[0m[2m:[0m[2m99[0m[2m:[0m Host: sequencer_node
[2m2025-06-09T09:21:13.709Z[0m [32m INFO[0m [2mcrates/apollo_integration_tests/src/bin/sequencer_simulator.rs[0m[2m:[0m[2m126[0m[2m:[0m Yonatan
[2m2025-06-09T09:21:13.709Z[0m [32m INFO[0m [2mcrates/apollo_integration_tests/src/bin/sequencer_simulator.rs[0m[2m:[0m[2m127[0m[2m:[0m Sending deploy and invoke txs
[2m2025-06-09T09:21:13.709Z[0m [32m INFO[0m [2mcrates/apollo_integration_tests/src/sequencer_simulator_utils.rs[0m[2m:[0m[2m46[0m[2m:[0m Sending transactions
[2m2025-06-09T09:21:13.709Z[0m [32m INFO[0m [2mcrates/apollo_integration_tests/src/sequencer_simulator_utils.rs[0m[2m:[0m[2m48[0m[2m:[0m Yonatan 2
[2m2025-06-09T09:21:13.709Z[0m [32m INFO[0m [2mcrates/apollo_integration_tests/src/utils.rs[0m[2m:[0m[2m504[0m[2m:[0m Sending 2 txs.
[2m2025-06-09T09:21:13.710Z[0m [32m INFO[0m [2mcrates/apollo_integration_tests/src/utils.rs[0m[2m:[0m[2m513[0m[2m:[0m Sent L1 handlers with tx hashes: []
[2m2025-06-09T09:21:14.043Z[0m [32m INFO[0m [2mcrates/apollo_integration_tests/src/sequencer_simulator_utils.rs[0m[2m:[0m[2m36[0m[2m:[0m Sending transaction: DeployAccount(V3(RpcDeployAccountTransactionV3 { signature: TransactionSignature([]), nonce: Nonce(0x0), class_hash: ClassHash(0x80020000), contract_address_salt: ContractAddressSalt(0x0), constructor_calldata: Calldata([]), resource_bounds: AllResourceBounds { l1_gas: ResourceBounds { max_amount: GasAmount(203484), max_price_per_unit: GasPrice(100000000000000) }, l2_gas: ResourceBounds { max_amount: GasAmount(100000000000), max_price_per_unit: GasPrice(100000000000000) }, l1_data_gas: ResourceBounds { max_amount: GasAmount(203484), max_price_per_unit: GasPrice(100000000000000) } }, tip: Tip(0), paymaster_data: PaymasterData([]), nonce_data_availability_mode: L1, fee_data_availability_mode: L1 }))
[2m2025-06-09T09:21:14.476Z[0m [32m INFO[0m [2mcrates/apollo_integration_tests/src/sequencer_simulator_utils.rs[0m[2m:[0m[2m36[0m[2m:[0m Sending transaction: Invoke(V3(RpcInvokeTransactionV3 { sender_address: ContractAddress(PatriciaKey(0x560a3c9b0d5762842454e5b68098afbf8e9bff9052b8e015ac43a50a75d98ca)), calldata: Calldata([0x560a3c9b0d5762842454e5b68098afbf8e9bff9052b8e015ac43a50a75d98ca, 0x39a1491f76903a16feed0a6433bec78de4c73194944e1118e226820ad479701, 0x1, 0x2]), signature: TransactionSignature([]), nonce: Nonce(0x1), resource_bounds: AllResourceBounds { l1_gas: ResourceBounds { max_amount: GasAmount(203484), max_price_per_unit: GasPrice(100000000000000) }, l2_gas: ResourceBounds { max_amount: GasAmount(100000000000), max_price_per_unit: GasPrice(100000000000000) }, l1_data_gas: ResourceBounds { max_amount: GasAmount(203484), max_price_per_unit: GasPrice(100000000000000) } }, tip: Tip(1), paymaster_data: PaymasterData([]), account_deployment_data: AccountDeploymentData([]), nonce_data_availability_mode: L1, fee_data_availability_mode: L1 }))
[2m2025-06-09T09:21:14.485Z[0m [32m INFO[0m [2mcrates/apollo_integration_tests/src/bin/sequencer_simulator.rs[0m[2m:[0m[2m130[0m[2m:[0m Waiting for deploy and invoke txs to be accepted- Yonatan
[2m2025-06-09T09:21:14.485Z[0m [32m INFO[0m [2mcrates/apollo_integration_tests/src/monitoring_utils.rs[0m[2m:[0m[2m154[0m[2m:[0m Waiting until sequencer 0 accepts 2 txs.
[2m2025-06-09T09:21:14.495Z[0m [32m INFO[0m [2mcrates/apollo_infra_utils/src/tracing.rs[0m[2m:[0m[2m30[0m[2m:[0m Waiting for sequencer 0 to accept 2 txs.: Attempt 1/50, Value 0
[2m2025-06-09T09:21:19.508Z[0m [32m INFO[0m [2mcrates/apollo_infra_utils/src/tracing.rs[0m[2m:[0m[2m30[0m[2m:[0m Waiting for sequencer 0 to accept 2 txs.: Attempt 2/50, Value 0
[2m2025-06-09T09:21:24.519Z[0m [32m INFO[0m [2mcrates/apollo_infra_utils/src/tracing.rs[0m[2m:[0m[2m30[0m[2m:[0m Waiting for sequencer 0 to accept 2 txs.: Attempt 3/50, Value 0
[2m2025-06-09T09:21:29.530Z[0m [32m INFO[0m [2mcrates/apollo_infra_utils/src/tracing.rs[0m[2m:[0m[2m30[0m[2m:[0m Waiting for sequencer 0 to accept 2 txs.: Attempt 4/50, Value 0
