[2m2025-06-09T09:21:09.740Z[0m [32m INFO[0m [2mcrates/apollo_infra/src/trace_util.rs[0m[2m:[0m[2m51[0m[2m:[0m Tracing has been successfully initialized.
[2m2025-06-09T09:21:09.741Z[0m [32m INFO[0m [2mcrates/apollo_integration_tests/src/bin/sequencer_node_setup.rs[0m[2m:[0m[2m16[0m[2m:[0m Running system test setup.
[2m2025-06-09T09:21:09.747Z[0m [32m INFO[0m [2mcrates/apollo_integration_tests/src/bin/sequencer_node_setup.rs[0m[2m:[0m[2m21[0m[2m:[0m Generate config and db files under "./output"
[2m2025-06-09T09:21:09.756Z[0m [32m INFO[0m [2mcrates/apollo_integration_tests/src/integration_test_manager.rs[0m[2m:[0m[2m804[0m[2m:[0m Creating node configurations.
[2m2025-06-09T09:21:09.757Z[0m [32m INFO[0m [1mget_next_port[0m: [2mcrates/apollo_infra_utils/src/test_utils.rs[0m[2m:[0m[2m82[0m[2m:[0m Allocated port: 17720 in range [17720,17780] [2m[3mself[0m[2m=[0mAvailablePorts { start_port: 17720, current_port: 17720, max_port: 17780 }[0m
[2m2025-06-09T09:21:09.763Z[0m [32m INFO[0m [1mget_next_port[0m: [2mcrates/apollo_infra_utils/src/test_utils.rs[0m[2m:[0m[2m82[0m[2m:[0m Allocated port: 17780 in range [17780,17840] [2m[3mself[0m[2m=[0mAvailablePorts { start_port: 17780, current_port: 17780, max_port: 17840 }[0m
[2m2025-06-09T09:21:09.763Z[0m [32m INFO[0m [1mget_next_port[0m: [2mcrates/apollo_infra_utils/src/test_utils.rs[0m[2m:[0m[2m82[0m[2m:[0m Allocated port: 17781 in range [17780,17840] [2m[3mself[0m[2m=[0mAvailablePorts { start_port: 17780, current_port: 17781, max_port: 17840 }[0m
[2m2025-06-09T09:21:09.765Z[0m [32m INFO[0m [1mget_next_port[0m: [2mcrates/apollo_infra_utils/src/test_utils.rs[0m[2m:[0m[2m82[0m[2m:[0m Allocated port: 17840 in range [17840,17900] [2m[3mself[0m[2m=[0mAvailablePorts { start_port: 17840, current_port: 17840, max_port: 17900 }[0m
[2m2025-06-09T09:21:09.766Z[0m [32m INFO[0m [1mget_next_port[0m: [2mcrates/apollo_infra_utils/src/test_utils.rs[0m[2m:[0m[2m82[0m[2m:[0m Allocated port: 17900 in range [17900,17960] [2m[3mself[0m[2m=[0mAvailablePorts { start_port: 17900, current_port: 17900, max_port: 17960 }[0m
[2m2025-06-09T09:21:09.768Z[0m [32m INFO[0m [1mget_next_port[0m: [2mcrates/apollo_infra_utils/src/test_utils.rs[0m[2m:[0m[2m82[0m[2m:[0m Allocated port: 17901 in range [17900,17960] [2m[3mself[0m[2m=[0mAvailablePorts { start_port: 17900, current_port: 17901, max_port: 17960 }[0m
[2m2025-06-09T09:21:09.769Z[0m [32m INFO[0m [1mget_next_port[0m: [2mcrates/apollo_infra_utils/src/test_utils.rs[0m[2m:[0m[2m82[0m[2m:[0m Allocated port: 17902 in range [17900,17960] [2m[3mself[0m[2m=[0mAvailablePorts { start_port: 17900, current_port: 17902, max_port: 17960 }[0m
[2m2025-06-09T09:21:09.903Z[0m [32m INFO[0m [2mcrates/apollo_storage/src/lib.rs[0m[2m:[0m[2m168[0m[2m:[0m Opening storage: ./output/data/node_0/executable_0/batcher
[2m2025-06-09T09:21:09.992Z[0m [32m INFO[0m [2mcrates/apollo_storage/src/lib.rs[0m[2m:[0m[2m168[0m[2m:[0m Opening storage: ./output/data/node_0/executable_0/state_sync
[2m2025-06-09T09:21:10.070Z[0m [32m INFO[0m [2mcrates/apollo_storage/src/lib.rs[0m[2m:[0m[2m168[0m[2m:[0m Opening storage: ./output/data/node_0/executable_0/class_manager/class_hash_storage
[2m2025-06-09T09:21:10.070Z[0m [32m INFO[0m [2mcrates/apollo_storage/src/lib.rs[0m[2m:[0m[2m173[0m[2m:[0m Created storage directory: ./output/data/node_0/executable_0/class_manager/class_hash_storage
[2m2025-06-09T09:21:11.274Z[0m [32m INFO[0m [1mget_next_local_host_socket[0m:[1mget_next_port[0m: [2mcrates/apollo_infra_utils/src/test_utils.rs[0m[2m:[0m[2m82[0m[2m:[0m Allocated port: 17960 in range [17960,18020] [2m[3mself[0m[2m=[0mAvailablePorts { start_port: 17960, current_port: 17960, max_port: 18020 }[0m [2m[3mself[0m[2m=[0mAvailablePorts { start_port: 17960, current_port: 17960, max_port: 18020 }[0m
[2m2025-06-09T09:21:11.311Z[0m [32m INFO[0m [1mget_next_port[0m: [2mcrates/apollo_infra_utils/src/test_utils.rs[0m[2m:[0m[2m82[0m[2m:[0m Allocated port: 18020 in range [18020,18080] [2m[3mself[0m[2m=[0mAvailablePorts { start_port: 18020, current_port: 18020, max_port: 18080 }[0m
Generated data file: "./output/configs/node_0/executable_0/node_integration_test_config_changes.json"
[2m2025-06-09T09:21:12.433Z[0m [32m INFO[0m [2mcrates/apollo_integration_tests/src/bin/sequencer_node_setup.rs[0m[2m:[0m[2m41[0m[2m:[0m Generate simulator ports json files under "./output/simulator_ports"
Generated data file: "./output/simulator_ports/node_0"
[2m2025-06-09T09:21:12.433Z[0m [32m INFO[0m [2mcrates/apollo_integration_tests/src/bin/sequencer_node_setup.rs[0m[2m:[0m[2m48[0m[2m:[0m Node setup completed
